2017-04-27 23:05:44,210 - access - ERROR - account [1234] too many login attempts
2017-04-28 21:37:19,815 - access - INFO - account [1234] login 
2017-04-28 21:54:12,262 - access - INFO - account [1234] login
F:\51CTO_college\homework\homework6\atm\atm\log\access.log
2017-04-30 21:53:45,868 - access - ERROR - input illegal
2017-04-30 22:42:18,880 - access - INFO - account [tian] login 
2017-04-30 22:49:17,530 - access - INFO - account [tian] login 
2017-04-30 22:50:57,036 - access - INFO - account [tian] login 
2017-04-30 22:51:51,566 - access - INFO - account [tian] login 
2017-05-01 10:22:24,298 - access - INFO - account [tian] login 
2017-05-01 10:33:43,414 - access - INFO - account [tian] login 
2017-05-01 14:08:10,660 - access - INFO - account [tian] login 
2017-05-01 14:14:10,439 - access - INFO - account [tian] login 
2017-05-01 14:27:26,747 - access - INFO - account [tian] login 
2017-05-01 14:30:47,094 - access - INFO - account [tian] login 
2017-05-01 14:38:52,874 - access - INFO - account [tian] login 
2017-05-01 14:41:16,994 - access - INFO - account [tian] login 
2017-05-01 14:47:53,576 - access - INFO - account [tian] login 
2017-05-03 23:07:47,563 - access - INFO - account [tian] login 
2017-05-03 23:07:47,563 - access - INFO - account [tian] login 
2017-05-03 23:22:22,069 - access - INFO - account [tian] login 
2017-05-03 23:22:22,069 - access - INFO - account [tian] login 
2017-05-03 23:26:36,528 - access - INFO - account [tian] login 
2017-05-03 23:26:36,528 - access - INFO - account [tian] login 
2017-05-03 23:27:39,256 - access - INFO - account [tian] login 
2017-05-03 23:27:39,256 - access - INFO - account [tian] login 
2017-05-03 23:28:08,628 - access - INFO - account [tian] login 
2017-05-03 23:28:08,628 - access - INFO - account [tian] login 
2017-05-03 23:29:09,309 - access - INFO - account [tian] login 
2017-05-03 23:29:09,309 - access - INFO - account [tian] login 
2017-05-03 23:39:46,509 - access - INFO - account [tian] login 
2017-05-03 23:39:46,509 - access - INFO - account [tian] login 
2017-05-03 23:44:31,812 - access - INFO - account [tian] login 
2017-05-03 23:44:31,812 - access - INFO - account [tian] login 
2017-05-04 21:25:56,128 - access - INFO - account [tian] login 
2017-05-04 21:25:56,128 - access - INFO - account [tian] login 
2017-05-04 21:29:28,158 - access - INFO - account [tian] login 
2017-05-04 21:29:28,158 - access - INFO - account [tian] login 
2017-05-04 21:30:01,963 - access - INFO - account [tian] login 
2017-05-04 21:32:10,302 - access - INFO - account [tian] login 
2017-05-04 21:32:56,561 - access - INFO - account [tian] login 
2017-05-04 23:17:36,105 - access - INFO - account [tian] login 
2017-05-04 23:22:18,216 - access - INFO - account [tian] login 
2017-05-04 23:23:40,095 - access - INFO - account [tian] login 
2017-05-04 23:23:43,736 - access - INFO - account [tian] logout 
2017-05-06 09:46:41,549 - access - INFO - account [tian] login 
2017-05-06 09:47:34,146 - access - INFO - account [tian] login 
2017-05-06 11:12:37,722 - access - INFO - account [tian] login 
2017-05-06 11:13:06,421 - access - INFO - account [tian] login 
2017-05-06 11:13:31,181 - access - INFO - account [tian] login 
