2017-04-28 21:37:32,588 - transaction - INFO - account:1234   action:repay    amount:200.0   interest:6.0
2017-04-28 21:54:23,930 - transaction - INFO - account:1234   action:repay    amount:100.0   interest:3.0
2017-04-30 22:49:23,476 - transaction - INFO - account:tian   action:repay    amount:200.0   interest:6.0
2017-04-30 22:51:12,135 - transaction - INFO - account:tian   action:repay    amount:100.0   interest:3.0
2017-04-30 22:52:02,592 - transaction - INFO - account:tian   action:withdraw    amount:330.0   interest:16.5
2017-05-01 10:22:52,727 - transaction - INFO - account:tian   action:repay    amount:2000.0   interest:60.0
2017-05-01 10:23:27,330 - transaction - INFO - account:tian   action:withdraw    amount:3000.0   interest:150.0
2017-05-01 14:30:56,376 - transaction - INFO - account:1234   action:transfer_in    amount:3000.0   interest:0.0
2017-05-01 14:41:58,748 - transaction - INFO - account:tian   action:transfer_out    amount:3872.0   interest:193.60000000000002
2017-05-01 14:41:58,750 - transaction - INFO - account:1234   action:transfer_in    amount:3872.0   interest:0.0
2017-05-01 14:48:08,697 - transaction - INFO - account:tian   action:repay    amount:200.0   interest:6.0
2017-05-01 14:48:44,321 - transaction - INFO - account:tian   action:transfer_out    amount:200.0   interest:10.0
2017-05-01 14:48:44,325 - transaction - INFO - account:1234   action:transfer_in    amount:200.0   interest:0.0
2017-05-03 23:29:09,312 - transaction - INFO - account:tian   action:consume    amount:6230.0   interest:0.0
2017-05-03 23:29:09,312 - transaction - INFO - account:tian   action:consume    amount:6230.0   interest:0.0
2017-05-03 23:44:31,815 - transaction - INFO - account:tian   action:consume    amount:6250.0   interest:0.0
2017-05-03 23:44:31,815 - transaction - INFO - account:tian   action:consume    amount:6250.0   interest:0.0
2017-05-04 21:30:12,868 - transaction - INFO - account:tian   action:repay    amount:10000.0   interest:300.0
2017-05-04 21:32:28,609 - transaction - INFO - account:tian   action:repay    amount:200.0   interest:6.0
2017-05-04 21:33:19,684 - transaction - INFO - account:tian   action:repay    amount:1000.0   interest:30.0
